#
# There is insufficient memory for the Java Runtime Environment to continue.
# Native memory allocation (malloc) failed to allocate 166096 bytes for Chunk::new
# Possible reasons:
#   The system is out of physical RAM or swap space
#   The process is running with CompressedOops enabled, and the Java Heap may be blocking the growth of the native heap
# Possible solutions:
#   Reduce memory load on the system
#   Increase physical memory or swap space
#   Check if swap backing store is full
#   Decrease Java heap size (-Xmx/-Xms)
#   Decrease number of Java threads
#   Decrease Java thread stack sizes (-Xss)
#   Set larger code cache with -XX:ReservedCodeCacheSize=
#   JVM is running with Unscaled Compressed Oops mode in which the Java heap is
#     placed in the first 4GB address space. The Java Heap base address is the
#     maximum limit for the native heap growth. Please use -XX:HeapBaseMinAddress
#     to set the Java Heap base and to place the Java Heap above 4GB virtual address.
# This output file may be truncated or incomplete.
#
#  Out of Memory Error (allocation.cpp:389), pid=1412, tid=0x0000000000001bc4
#
# JRE version: Java(TM) SE Runtime Environment (8.0_251-b08) (build 1.8.0_251-b08)
# Java VM: Java HotSpot(TM) 64-Bit Server VM (25.251-b08 mixed mode windows-amd64 compressed oops)
# Failed to write core dump. Minidumps are not enabled by default on client versions of Windows
#

---------------  T H R E A D  ---------------

Current thread (0x0000000017ab3800):  JavaThread "C2 CompilerThread0" daemon [_thread_in_native, id=7108, stack(0x0000000018b10000,0x0000000018c10000)]

Stack: [0x0000000018b10000,0x0000000018c10000]
[error occurred during error reporting (printing stack bounds), id 0xc0000005]

Native frames: (J=compiled Java code, j=interpreted, Vv=VM code, C=native code)


Current CompileTask:
C2: 136173 2097       4       javafx.scene.Parent::updateBounds (44 bytes)


---------------  P R O C E S S  ---------------

Java Threads: ( => current thread )
  0x0000000017b23800 JavaThread "Prism Font Disposer" daemon [_thread_blocked, id=5932, stack(0x0000000020240000,0x0000000020340000)]
  0x0000000019a43800 JavaThread "JavaFX-Launcher" [_thread_blocked, id=13484, stack(0x000000001ecb0000,0x000000001edb0000)]
  0x0000000019a4c000 JavaThread "Thread-2" daemon [_thread_in_native, id=3400, stack(0x000000001ebb0000,0x000000001ecb0000)]
  0x0000000019463800 JavaThread "JavaFX Application Thread" [_thread_in_native, id=10964, stack(0x000000001a2e0000,0x000000001a3e0000)]
  0x000000001946c800 JavaThread "Thread-1" daemon [_thread_blocked, id=15144, stack(0x000000001a1e0000,0x000000001a2e0000)]
  0x0000000019442800 JavaThread "QuantumRenderer-0" daemon [_thread_blocked, id=12760, stack(0x0000000019660000,0x0000000019760000)]
  0x0000000017b2a800 JavaThread "Service Thread" daemon [_thread_blocked, id=8488, stack(0x0000000018d10000,0x0000000018e10000)]
  0x0000000017aba000 JavaThread "C1 CompilerThread1" daemon [_thread_in_native, id=3920, stack(0x0000000018c10000,0x0000000018d10000)]
=>0x0000000017ab3800 JavaThread "C2 CompilerThread0" daemon [_thread_in_native, id=7108, stack(0x0000000018b10000,0x0000000018c10000)]
  0x0000000017ab2000 JavaThread "Attach Listener" daemon [_thread_blocked, id=7664, stack(0x0000000018a10000,0x0000000018b10000)]
  0x0000000017aae800 JavaThread "Signal Dispatcher" daemon [_thread_blocked, id=6024, stack(0x0000000018910000,0x0000000018a10000)]
  0x0000000003189000 JavaThread "Finalizer" daemon [_thread_blocked, id=7804, stack(0x00000000186e0000,0x00000000187e0000)]
  0x0000000017a98000 JavaThread "Reference Handler" daemon [_thread_blocked, id=3352, stack(0x00000000185e0000,0x00000000186e0000)]
  0x0000000002f8e800 JavaThread "main" [_thread_blocked, id=300, stack(0x0000000002f90000,0x0000000003090000)]

Other Threads:
  0x0000000017a76800 VMThread [stack: 0x00000000184e0000,0x00000000185e0000] [id=15176]
  0x0000000017b2d000 WatcherThread [stack: 0x0000000018f80000,0x0000000019080000] [id=14732]

VM state:not at safepoint (normal execution)

VM Mutex/Monitor currently owned by a thread: None

heap address: 0x0000000081600000, size: 2026 MB, Compressed Oops mode: 32-bit
Narrow klass base: 0x0000000000000000, Narrow klass shift: 3
Compressed class space size: 1073741824 Address: 0x0000000100000000

Heap:
 PSYoungGen      total 38400K, used 26418K [0x00000000d5d00000, 0x00000000d8780000, 0x0000000100000000)
  eden space 33280K, 64% used [0x00000000d5d00000,0x00000000d71d0828,0x00000000d7d80000)
  from space 5120K, 99% used [0x00000000d7d80000,0x00000000d827c020,0x00000000d8280000)
  to   space 5120K, 0% used [0x00000000d8280000,0x00000000d8280000,0x00000000d8780000)
 ParOldGen       total 87552K, used 3799K [0x0000000081600000, 0x0000000086b80000, 0x00000000d5d00000)
  object space 87552K, 4% used [0x0000000081600000,0x00000000819b5dd8,0x0000000086b80000)
 Metaspace       used 18081K, capacity 18758K, committed 18944K, reserved 1064960K
  class space    used 2534K, capacity 2749K, committed 2816K, reserved 1048576K

Card table byte_map: [0x0000000012550000,0x0000000012950000] byte_map_base: 0x0000000012145000

Marking Bits: (ParMarkBitMap*) 0x0000000055a1af90
 Begin Bits: [0x0000000012e00000, 0x0000000014da8000)
 End Bits:   [0x0000000014da8000, 0x0000000016d50000)

Polling page: 0x00000000012b0000

CodeCache: size=245760Kb used=6015Kb max_used=6062Kb free=239744Kb
 bounds [0x0000000003190000, 0x00000000037b0000, 0x0000000012190000]
 total_blobs=2591 nmethods=1933 adapters=571
 compilation: enabled

Compilation events (10 events):
Event: 133.499 Thread 0x0000000017aba000 2095       3       javafx.beans.property.DoublePropertyBase::access$000 (5 bytes)
Event: 133.499 Thread 0x0000000017aba000 nmethod 2095 0x00000000034cbb10 code [0x00000000034cbca0, 0x00000000034cbff8]
Event: 133.499 Thread 0x0000000017aba000 2096       3       com.sun.javafx.geom.transform.Affine3D::reset3Delements (31 bytes)
Event: 133.500 Thread 0x0000000017aba000 nmethod 2096 0x000000000344f850 code [0x000000000344f9a0, 0x000000000344fb50]
Event: 133.994 Thread 0x0000000017ab3800 2097       4       javafx.scene.Parent::updateBounds (44 bytes)
Event: 133.996 Thread 0x0000000017aba000 2098       3       com.sun.prism.impl.shape.ShapeUtil::rasterizeShape (17 bytes)
Event: 133.999 Thread 0x0000000017aba000 nmethod 2098 0x000000000344f490 code [0x000000000344f600, 0x000000000344f7a8]
Event: 134.000 Thread 0x0000000017aba000 2099       3       com.sun.javafx.image.impl.BaseByteToByteConverter::convert (120 bytes)
Event: 134.017 Thread 0x0000000017aba000 nmethod 2099 0x000000000347b210 code [0x000000000347b4a0, 0x000000000347c758]
Event: 134.490 Thread 0x0000000017aba000 2100       3       com.sun.glass.ui.View::getWindow (8 bytes)

GC Heap History (2 events):
Event: 10.136 GC heap before
{Heap before GC invocations=1 (full 0):
 PSYoungGen      total 38400K, used 33280K [0x00000000d5d00000, 0x00000000d8780000, 0x0000000100000000)
  eden space 33280K, 100% used [0x00000000d5d00000,0x00000000d7d80000,0x00000000d7d80000)
  from space 5120K, 0% used [0x00000000d8280000,0x00000000d8280000,0x00000000d8780000)
  to   space 5120K, 0% used [0x00000000d7d80000,0x00000000d7d80000,0x00000000d8280000)
 ParOldGen       total 87552K, used 0K [0x0000000081600000, 0x0000000086b80000, 0x00000000d5d00000)
  object space 87552K, 0% used [0x0000000081600000,0x0000000081600000,0x0000000086b80000)
 Metaspace       used 14647K, capacity 15174K, committed 15232K, reserved 1062912K
  class space    used 1964K, capacity 2119K, committed 2176K, reserved 1048576K
Event: 10.173 GC heap after
Heap after GC invocations=1 (full 0):
 PSYoungGen      total 38400K, used 5104K [0x00000000d5d00000, 0x00000000d8780000, 0x0000000100000000)
  eden space 33280K, 0% used [0x00000000d5d00000,0x00000000d5d00000,0x00000000d7d80000)
  from space 5120K, 99% used [0x00000000d7d80000,0x00000000d827c020,0x00000000d8280000)
  to   space 5120K, 0% used [0x00000000d8280000,0x00000000d8280000,0x00000000d8780000)
 ParOldGen       total 87552K, used 3799K [0x0000000081600000, 0x0000000086b80000, 0x00000000d5d00000)
  object space 87552K, 4% used [0x0000000081600000,0x00000000819b5dd8,0x0000000086b80000)
 Metaspace       used 14647K, capacity 15174K, committed 15232K, reserved 1062912K
  class space    used 1964K, capacity 2119K, committed 2176K, reserved 1048576K
}

Deoptimization events (10 events):
Event: 10.488 Thread 0x0000000019463800 Uncommon trap: reason=class_check action=maybe_recompile pc=0x000000000347e2a0 method=java.io.DataInputStream.readShort()S @ 4
Event: 10.529 Thread 0x0000000019463800 Uncommon trap: reason=class_check action=maybe_recompile pc=0x00000000032afa68 method=java.lang.String.equals(Ljava/lang/Object;)Z @ 8
Event: 10.529 Thread 0x0000000019463800 Uncommon trap: reason=class_check action=maybe_recompile pc=0x00000000032afa68 method=java.lang.String.equals(Ljava/lang/Object;)Z @ 8
Event: 10.529 Thread 0x0000000019463800 Uncommon trap: reason=class_check action=maybe_recompile pc=0x00000000032afa68 method=java.lang.String.equals(Ljava/lang/Object;)Z @ 8
Event: 10.534 Thread 0x0000000019463800 Uncommon trap: reason=class_check action=maybe_recompile pc=0x00000000032afa68 method=java.lang.String.equals(Ljava/lang/Object;)Z @ 8
Event: 10.751 Thread 0x0000000019463800 Uncommon trap: reason=unstable_if action=reinterpret pc=0x00000000034cbd54 method=java.util.HashMap.hash(Ljava/lang/Object;)I @ 1
Event: 10.751 Thread 0x0000000019463800 Uncommon trap: reason=unstable_if action=reinterpret pc=0x00000000034d6530 method=java.util.HashMap.hash(Ljava/lang/Object;)I @ 1
Event: 10.937 Thread 0x0000000019463800 Uncommon trap: reason=unstable_if action=reinterpret pc=0x00000000034311a8 method=java.util.HashMap.hash(Ljava/lang/Object;)I @ 1
Event: 11.346 Thread 0x0000000019463800 Uncommon trap: reason=unstable_if action=reinterpret pc=0x000000000336a940 method=java.lang.CharacterData.of(I)Ljava/lang/CharacterData; @ 4
Event: 11.574 Thread 0x0000000019463800 Uncommon trap: reason=unstable_if action=reinterpret pc=0x00000000035df4e4 method=jdk.internal.org.objectweb.asm.Type.getArgumentsAndReturnSizes(Ljava/lang/String;)I @ 47

Classes redefined (0 events):
No events

Internal exceptions (10 events):
Event: 4.457 Thread 0x0000000019463800 Exception <a 'java/lang/ArrayIndexOutOfBoundsException'> (0x00000000d6ce4ae8) thrown at [C:\jenkins\workspace\8-2-build-windows-amd64-cygwin\jdk8u251\737\hotspot\src\share\vm\runtime\sharedRuntime.cpp, line 605]
Event: 4.891 Thread 0x0000000019463800 Exception <a 'java/io/FileNotFoundException'> (0x00000000d725e058) thrown at [C:\jenkins\workspace\8-2-build-windows-amd64-cygwin\jdk8u251\737\hotspot\src\share\vm\prims\jni.cpp, line 710]
Event: 5.444 Thread 0x0000000019463800 Exception <a 'java/io/FileNotFoundException'> (0x00000000d72b2470) thrown at [C:\jenkins\workspace\8-2-build-windows-amd64-cygwin\jdk8u251\737\hotspot\src\share\vm\prims\jni.cpp, line 710]
Event: 7.202 Thread 0x0000000019463800 Exception <a 'java/lang/ArrayIndexOutOfBoundsException'> (0x00000000d7781aa8) thrown at [C:\jenkins\workspace\8-2-build-windows-amd64-cygwin\jdk8u251\737\hotspot\src\share\vm\runtime\sharedRuntime.cpp, line 605]
Event: 8.934 Thread 0x0000000019463800 Exception <a 'java/lang/ArrayIndexOutOfBoundsException'> (0x00000000d79089e8) thrown at [C:\jenkins\workspace\8-2-build-windows-amd64-cygwin\jdk8u251\737\hotspot\src\share\vm\runtime\sharedRuntime.cpp, line 605]
Event: 8.935 Thread 0x0000000019463800 Exception <a 'java/lang/ArrayIndexOutOfBoundsException'> (0x00000000d7909a40) thrown at [C:\jenkins\workspace\8-2-build-windows-amd64-cygwin\jdk8u251\737\hotspot\src\share\vm\runtime\sharedRuntime.cpp, line 605]
Event: 9.290 Thread 0x0000000019463800 Exception <a 'java/lang/ArrayIndexOutOfBoundsException'> (0x00000000d7a7d830) thrown at [C:\jenkins\workspace\8-2-build-windows-amd64-cygwin\jdk8u251\737\hotspot\src\share\vm\runtime\sharedRuntime.cpp, line 605]
Event: 10.751 Thread 0x0000000019463800 Implicit null exception at 0x00000000034cbb35 to 0x00000000034cbd45
Event: 10.751 Thread 0x0000000019463800 Implicit null exception at 0x00000000034d6498 to 0x00000000034d6526
Event: 10.937 Thread 0x0000000019463800 Implicit null exception at 0x000000000343112f to 0x0000000003431199

Events (10 events):
Event: 119.503 Thread 0x0000000017aba000 flushing nmethod 0x00000000034d6fd0
Event: 119.996 Thread 0x0000000017aba000 flushing nmethod 0x0000000003515ad0
Event: 119.996 Thread 0x0000000017aba000 flushing nmethod 0x000000000352a010
Event: 119.997 Thread 0x0000000017aba000 flushing nmethod 0x000000000355c350
Event: 119.997 Thread 0x0000000017aba000 flushing nmethod 0x000000000355f6d0
Event: 123.011 Thread 0x0000000017ab3800 flushing nmethod 0x00000000035def90
Event: 124.493 Thread 0x0000000017aba000 flushing nmethod 0x00000000035ed0d0
Event: 124.494 Thread 0x0000000017aba000 flushing nmethod 0x0000000003612010
Event: 124.494 Thread 0x0000000017aba000 flushing nmethod 0x0000000003612450
Event: 124.494 Thread 0x0000000017aba000 flushing nmethod 0x00000000036149d0


Dynamic libraries:
0x00007ff7ee1f0000 - 0x00007ff7ee227000 	C:\Program Files\Java\jdk1.8.0_251\jre\bin\java.exe
0x00007ffa47c70000 - 0x00007ffa47e65000 	C:\WINDOWS\SYSTEM32\ntdll.dll
0x00007ffa47220000 - 0x00007ffa472de000 	C:\WINDOWS\System32\KERNEL32.DLL
0x00007ffa45350000 - 0x00007ffa45618000 	C:\WINDOWS\System32\KERNELBASE.dll
0x00007ffa46d30000 - 0x00007ffa46dde000 	C:\WINDOWS\System32\ADVAPI32.dll
0x00007ffa45d90000 - 0x00007ffa45e2e000 	C:\WINDOWS\System32\msvcrt.dll
0x00007ffa45c80000 - 0x00007ffa45d1c000 	C:\WINDOWS\System32\sechost.dll
0x00007ffa46e10000 - 0x00007ffa46f35000 	C:\WINDOWS\System32\RPCRT4.dll
0x00007ffa46b80000 - 0x00007ffa46d21000 	C:\WINDOWS\System32\USER32.dll
0x00007ffa458d0000 - 0x00007ffa458f2000 	C:\WINDOWS\System32\win32u.dll
0x00007ffa46b50000 - 0x00007ffa46b7b000 	C:\WINDOWS\System32\GDI32.dll
0x00007ffa45b40000 - 0x00007ffa45c4d000 	C:\WINDOWS\System32\gdi32full.dll
0x00007ffa45620000 - 0x00007ffa456bd000 	C:\WINDOWS\System32\msvcp_win.dll
0x00007ffa45720000 - 0x00007ffa45820000 	C:\WINDOWS\System32\ucrtbase.dll
0x00007ffa449a0000 - 0x00007ffa44c3a000 	C:\WINDOWS\WinSxS\amd64_microsoft.windows.common-controls_6595b64144ccf1df_6.0.19041.1110_none_60b5254171f9507e\COMCTL32.dll
0x00007ffa46de0000 - 0x00007ffa46e10000 	C:\WINDOWS\System32\IMM32.DLL
0x0000000055110000 - 0x00000000551e2000 	C:\Program Files\Java\jdk1.8.0_251\jre\bin\msvcr100.dll
0x00000000551f0000 - 0x0000000055a9b000 	C:\Program Files\Java\jdk1.8.0_251\jre\bin\server\jvm.dll
0x00007ffa45d20000 - 0x00007ffa45d28000 	C:\WINDOWS\System32\PSAPI.DLL
0x00007ffa42130000 - 0x00007ffa4213a000 	C:\WINDOWS\SYSTEM32\VERSION.dll
0x00007ffa30990000 - 0x00007ffa309b7000 	C:\WINDOWS\SYSTEM32\WINMM.dll
0x00007ffa30780000 - 0x00007ffa30789000 	C:\WINDOWS\SYSTEM32\WSOCK32.dll
0x00007ffa472e0000 - 0x00007ffa4734b000 	C:\WINDOWS\System32\WS2_32.dll
0x00007ffa428d0000 - 0x00007ffa428df000 	C:\Program Files\Java\jdk1.8.0_251\jre\bin\verify.dll
0x00007ffa3c7f0000 - 0x00007ffa3c819000 	C:\Program Files\Java\jdk1.8.0_251\jre\bin\java.dll
0x00007ffa42440000 - 0x00007ffa42456000 	C:\Program Files\Java\jdk1.8.0_251\jre\bin\zip.dll
0x00007ffa45e30000 - 0x00007ffa46574000 	C:\WINDOWS\System32\SHELL32.dll
0x00007ffa42cb0000 - 0x00007ffa43445000 	C:\WINDOWS\SYSTEM32\windows.storage.dll
0x00007ffa47480000 - 0x00007ffa477d5000 	C:\WINDOWS\System32\combase.dll
0x00007ffa445b0000 - 0x00007ffa445de000 	C:\WINDOWS\SYSTEM32\Wldp.dll
0x00007ffa47170000 - 0x00007ffa4721d000 	C:\WINDOWS\System32\SHCORE.dll
0x00007ffa47840000 - 0x00007ffa47895000 	C:\WINDOWS\System32\shlwapi.dll
0x00007ffa45290000 - 0x00007ffa452af000 	C:\WINDOWS\SYSTEM32\profapi.dll
0x0000000001700000 - 0x0000000001703000 	C:\Program Files\Java\jdk1.8.0_251\jre\bin\api-ms-win-core-console-l1-1-0.dll
0x0000000001710000 - 0x0000000001713000 	C:\Program Files\Java\jdk1.8.0_251\jre\bin\api-ms-win-core-datetime-l1-1-0.dll
0x0000000002f00000 - 0x0000000002f03000 	C:\Program Files\Java\jdk1.8.0_251\jre\bin\api-ms-win-core-debug-l1-1-0.dll
0x0000000002f10000 - 0x0000000002f13000 	C:\Program Files\Java\jdk1.8.0_251\jre\bin\api-ms-win-core-errorhandling-l1-1-0.dll
0x0000000002f20000 - 0x0000000002f24000 	C:\Program Files\Java\jdk1.8.0_251\jre\bin\api-ms-win-core-file-l1-1-0.dll
0x0000000002f30000 - 0x0000000002f33000 	C:\Program Files\Java\jdk1.8.0_251\jre\bin\api-ms-win-core-file-l1-2-0.dll
0x0000000002f40000 - 0x0000000002f43000 	C:\Program Files\Java\jdk1.8.0_251\jre\bin\api-ms-win-core-file-l2-1-0.dll
0x0000000002f50000 - 0x0000000002f53000 	C:\Program Files\Java\jdk1.8.0_251\jre\bin\api-ms-win-core-handle-l1-1-0.dll
0x0000000002f60000 - 0x0000000002f63000 	C:\Program Files\Java\jdk1.8.0_251\jre\bin\api-ms-win-core-heap-l1-1-0.dll
0x0000000002f70000 - 0x0000000002f73000 	C:\Program Files\Java\jdk1.8.0_251\jre\bin\api-ms-win-core-interlocked-l1-1-0.dll
0x0000000019480000 - 0x0000000019483000 	C:\Program Files\Java\jdk1.8.0_251\jre\bin\api-ms-win-core-libraryloader-l1-1-0.dll
0x0000000019490000 - 0x0000000019493000 	C:\Program Files\Java\jdk1.8.0_251\jre\bin\api-ms-win-core-localization-l1-2-0.dll
0x00000000194a0000 - 0x00000000194a3000 	C:\Program Files\Java\jdk1.8.0_251\jre\bin\api-ms-win-core-memory-l1-1-0.dll
0x00000000194b0000 - 0x00000000194b3000 	C:\Program Files\Java\jdk1.8.0_251\jre\bin\api-ms-win-core-namedpipe-l1-1-0.dll
0x00000000194c0000 - 0x00000000194c3000 	C:\Program Files\Java\jdk1.8.0_251\jre\bin\api-ms-win-core-processenvironment-l1-1-0.dll
0x00000000194d0000 - 0x00000000194d3000 	C:\Program Files\Java\jdk1.8.0_251\jre\bin\api-ms-win-core-processthreads-l1-1-0.dll
0x00000000194e0000 - 0x00000000194e3000 	C:\Program Files\Java\jdk1.8.0_251\jre\bin\api-ms-win-core-processthreads-l1-1-1.dll
0x00000000194f0000 - 0x00000000194f3000 	C:\Program Files\Java\jdk1.8.0_251\jre\bin\api-ms-win-core-profile-l1-1-0.dll
0x0000000019500000 - 0x0000000019503000 	C:\Program Files\Java\jdk1.8.0_251\jre\bin\api-ms-win-core-rtlsupport-l1-1-0.dll
0x0000000019510000 - 0x0000000019513000 	C:\Program Files\Java\jdk1.8.0_251\jre\bin\api-ms-win-core-string-l1-1-0.dll
0x0000000019520000 - 0x0000000019523000 	C:\Program Files\Java\jdk1.8.0_251\jre\bin\api-ms-win-core-synch-l1-1-0.dll
0x0000000019530000 - 0x0000000019533000 	C:\Program Files\Java\jdk1.8.0_251\jre\bin\api-ms-win-core-synch-l1-2-0.dll
0x0000000019540000 - 0x0000000019543000 	C:\Program Files\Java\jdk1.8.0_251\jre\bin\api-ms-win-core-sysinfo-l1-1-0.dll
0x0000000019550000 - 0x0000000019553000 	C:\Program Files\Java\jdk1.8.0_251\jre\bin\api-ms-win-core-timezone-l1-1-0.dll
0x0000000019560000 - 0x0000000019563000 	C:\Program Files\Java\jdk1.8.0_251\jre\bin\api-ms-win-core-util-l1-1-0.dll
0x0000000019570000 - 0x0000000019573000 	C:\Program Files\Java\jdk1.8.0_251\jre\bin\api-ms-win-crt-conio-l1-1-0.dll
0x0000000019580000 - 0x0000000019584000 	C:\Program Files\Java\jdk1.8.0_251\jre\bin\api-ms-win-crt-convert-l1-1-0.dll
0x0000000019590000 - 0x0000000019593000 	C:\Program Files\Java\jdk1.8.0_251\jre\bin\api-ms-win-crt-environment-l1-1-0.dll
0x00000000195a0000 - 0x00000000195a3000 	C:\Program Files\Java\jdk1.8.0_251\jre\bin\api-ms-win-crt-filesystem-l1-1-0.dll
0x00000000195b0000 - 0x00000000195b3000 	C:\Program Files\Java\jdk1.8.0_251\jre\bin\api-ms-win-crt-heap-l1-1-0.dll
0x00000000195c0000 - 0x00000000195c3000 	C:\Program Files\Java\jdk1.8.0_251\jre\bin\api-ms-win-crt-locale-l1-1-0.dll
0x00000000195d0000 - 0x00000000195d5000 	C:\Program Files\Java\jdk1.8.0_251\jre\bin\api-ms-win-crt-math-l1-1-0.dll
0x00000000195e0000 - 0x00000000195e5000 	C:\Program Files\Java\jdk1.8.0_251\jre\bin\api-ms-win-crt-multibyte-l1-1-0.dll
0x00000000195f0000 - 0x0000000019600000 	C:\Program Files\Java\jdk1.8.0_251\jre\bin\api-ms-win-crt-private-l1-1-0.dll
0x0000000019600000 - 0x0000000019603000 	C:\Program Files\Java\jdk1.8.0_251\jre\bin\api-ms-win-crt-process-l1-1-0.dll
0x0000000019610000 - 0x0000000019614000 	C:\Program Files\Java\jdk1.8.0_251\jre\bin\api-ms-win-crt-runtime-l1-1-0.dll
0x0000000019620000 - 0x0000000019624000 	C:\Program Files\Java\jdk1.8.0_251\jre\bin\api-ms-win-crt-stdio-l1-1-0.dll
0x0000000019630000 - 0x0000000019634000 	C:\Program Files\Java\jdk1.8.0_251\jre\bin\api-ms-win-crt-string-l1-1-0.dll
0x0000000019640000 - 0x0000000019643000 	C:\Program Files\Java\jdk1.8.0_251\jre\bin\api-ms-win-crt-time-l1-1-0.dll
0x0000000019650000 - 0x0000000019653000 	C:\Program Files\Java\jdk1.8.0_251\jre\bin\api-ms-win-crt-utility-l1-1-0.dll
0x00007ffa09bf0000 - 0x00007ffa09cec000 	C:\Program Files\Java\jdk1.8.0_251\jre\bin\ucrtbase.dll
0x00007ffa31d00000 - 0x00007ffa31d15000 	C:\Program Files\Java\jdk1.8.0_251\jre\bin\vcruntime140.dll
0x00007ffa0f9c0000 - 0x00007ffa0fa5b000 	C:\Program Files\Java\jdk1.8.0_251\jre\bin\msvcp140.dll
0x00007ffa0f280000 - 0x00007ffa0f2d1000 	C:\Program Files\Java\jdk1.8.0_251\jre\bin\concrt140.dll
0x00007ffa11c50000 - 0x00007ffa11c73000 	C:\Program Files\Java\jdk1.8.0_251\jre\bin\prism_d3d.dll
0x00007ffa05070000 - 0x00007ffa05240000 	C:\WINDOWS\system32\d3d9.dll
0x00007ffa43580000 - 0x00007ffa43592000 	C:\WINDOWS\SYSTEM32\kernel.appcore.dll
0x00007ffa41d90000 - 0x00007ffa41dbf000 	C:\WINDOWS\SYSTEM32\dwmapi.dll
0x00007ffa41b60000 - 0x00007ffa41bfe000 	C:\WINDOWS\system32\uxtheme.dll
0x00007ff9e7310000 - 0x00007ff9e984d000 	C:\WINDOWS\SYSTEM32\igdumdim64.dll
0x00007ffa47b30000 - 0x00007ffa47bfd000 	C:\WINDOWS\System32\OLEAUT32.dll
0x00007ffa47350000 - 0x00007ffa4747a000 	C:\WINDOWS\System32\ole32.dll
0x00007ffa46590000 - 0x00007ffa46a02000 	C:\WINDOWS\System32\SETUPAPI.dll
0x00007ffa45af0000 - 0x00007ffa45b3e000 	C:\WINDOWS\System32\cfgmgr32.dll
0x00007ffa45c50000 - 0x00007ffa45c77000 	C:\WINDOWS\System32\bcrypt.dll
0x00007ffa11610000 - 0x00007ffa11655000 	C:\Program Files\Java\jdk1.8.0_251\jre\bin\glass.dll
0x00007ffa47930000 - 0x00007ffa47a0a000 	C:\WINDOWS\System32\COMDLG32.dll
0x00007ffa47a10000 - 0x00007ffa47b25000 	C:\WINDOWS\System32\MSCTF.dll
0x00007ffa45900000 - 0x00007ffa45982000 	C:\WINDOWS\System32\bcryptPrimitives.dll
0x00007ffa3a050000 - 0x00007ffa3aa8f000 	C:\WINDOWS\SYSTEM32\igdusc64.dll
0x00007ffa3efc0000 - 0x00007ffa3effb000 	C:\WINDOWS\SYSTEM32\dxcore.dll
0x00007ffa12a90000 - 0x00007ffa12aa4000 	C:\Program Files\Java\jdk1.8.0_251\jre\bin\javafx_font.dll
0x00007ffa374b0000 - 0x00007ffa37733000 	C:\WINDOWS\SYSTEM32\dwrite.dll
0x00007ffa45040000 - 0x00007ffa45058000 	C:\WINDOWS\SYSTEM32\CRYPTSP.dll
0x00007ffa43d50000 - 0x00007ffa43d84000 	C:\WINDOWS\system32\rsaenh.dll
0x00007ffa45210000 - 0x00007ffa4523e000 	C:\WINDOWS\SYSTEM32\USERENV.dll
0x00007ffa446b0000 - 0x00007ffa446bc000 	C:\WINDOWS\SYSTEM32\CRYPTBASE.dll
0x00007ffa421b0000 - 0x00007ffa421ca000 	C:\Program Files\Java\jdk1.8.0_251\jre\bin\net.dll
0x00007ffa44540000 - 0x00007ffa445aa000 	C:\WINDOWS\system32\mswsock.dll
0x00007ffa440a0000 - 0x00007ffa440db000 	C:\WINDOWS\SYSTEM32\IPHLPAPI.DLL
0x00007ffa46580000 - 0x00007ffa46588000 	C:\WINDOWS\System32\NSI.dll
0x00007ffa43470000 - 0x00007ffa43487000 	C:\WINDOWS\SYSTEM32\dhcpcsvc6.DLL
0x00007ffa43450000 - 0x00007ffa4346d000 	C:\WINDOWS\SYSTEM32\dhcpcsvc.DLL
0x00007ffa44140000 - 0x00007ffa4420b000 	C:\WINDOWS\SYSTEM32\DNSAPI.dll
0x00007ffa3c5e0000 - 0x00007ffa3c5f2000 	C:\Program Files\Java\jdk1.8.0_251\jre\bin\nio.dll
0x00007ffa46aa0000 - 0x00007ffa46b49000 	C:\WINDOWS\System32\clbcatq.dll
0x00007ffa3f570000 - 0x00007ffa3f724000 	C:\WINDOWS\SYSTEM32\WindowsCodecs.dll
0x00007ffa1b340000 - 0x00007ffa1b37e000 	C:\WINDOWS\system32\dataexchange.dll
0x00007ffa40990000 - 0x00007ffa40bf4000 	C:\WINDOWS\system32\d3d11.dll
0x00007ffa40f60000 - 0x00007ffa41145000 	C:\WINDOWS\system32\dcomp.dll
0x00007ffa435f0000 - 0x00007ffa436e4000 	C:\WINDOWS\system32\dxgi.dll
0x00007ffa3f2b0000 - 0x00007ffa3f4b1000 	C:\WINDOWS\system32\twinapi.appcore.dll
0x00007ffa12790000 - 0x00007ffa127c4000 	C:\Program Files\Common Files\Microsoft Shared\Ink\rtscom.dll
0x00007ffa39200000 - 0x00007ffa392f9000 	C:\WINDOWS\SYSTEM32\textinputframework.dll
0x00007ffa40c00000 - 0x00007ffa40f5e000 	C:\WINDOWS\System32\CoreUIComponents.dll
0x00007ffa41630000 - 0x00007ffa41722000 	C:\WINDOWS\System32\CoreMessaging.dll
0x00007ffa44fc0000 - 0x00007ffa44ff3000 	C:\WINDOWS\SYSTEM32\ntmarta.dll
0x00007ffa403d0000 - 0x00007ffa40524000 	C:\WINDOWS\SYSTEM32\wintypes.dll
0x00007ffa3fe10000 - 0x00007ffa403d0000 	C:\WINDOWS\SYSTEM32\d2d1.dll
0x00007ffa3baf0000 - 0x00007ffa3c1e6000 	C:\WINDOWS\SYSTEM32\D3D10Warp.dll
0x00007ffa122d0000 - 0x00007ffa122e1000 	C:\Program Files\Java\jdk1.8.0_251\jre\bin\prism_common.dll

VM Arguments:
jvm_args: -Dfile.encoding=UTF-8 
java_command: C:\Users\MATHIS\Desktop\Projet Java L3\Java_projet\dist\run1738220046\Java_projet.jar
java_class_path (initial): C:\Users\MATHIS\Desktop\Projet Java L3\Java_projet\dist\run1738220046\Java_projet.jar
Launcher Type: SUN_STANDARD

Environment Variables:
PATH=C:\Program Files (x86)\Common Files\Oracle\Java\javapath;C:\Program Files\Common Files\Oracle\Java\javapath;C:\WINDOWS\system32;C:\WINDOWS;C:\WINDOWS\System32\Wbem;C:\WINDOWS\System32\WindowsPowerShell\v1.0\;C:\WINDOWS\System32\OpenSSH\;C:\Python34;C:\Program Files (x86)\Microsoft VS Code\bin;C:\Program Files\Git\cmd;C:\ProgramData\ComposerSetup\bin;C:\Program Files\Java\jdk-16.0.1\bin;C:\Program Files\dotnet\;C:\Program Files\Symfony;C:\Program Files\Microsoft SQL Server\130\Tools\Binn\;C:\Program Files\Microsoft SQL Server\Client SDK\ODBC\170\Tools\Binn\;C:\Program Files\Microsoft SQL Server\Client SDK\ODBC\130\Tools\Binn\;C:\Program Files (x86)\Microsoft SQL Server\140\Tools\Binn\;C:\Program Files\Microsoft SQL Server\140\Tools\Binn\;C:\Program Files\Microsoft SQL Server\140\DTS\Binn\;C:\Program Files (x86)\Microsoft SQL Server\150\DTS\Binn\;C:\Program Files\Azure Data Studio\bin;C:\Program Files\nodejs\;C:\Users\MATHIS\AppData\Local\Programs\Python\Python38\Scripts\;C:\Users\MATHIS\AppData\Local\Programs\Python\Python38\;C:\Users\MATHIS\AppData\Local\Microsoft\WindowsApps;C:\Program Files\Java\jdk-10.0.1\bin;C:\Program Files\CodeBlocks\MinGW\bin;C:\Program Files\PHP;C:\ProgramData\Microsoft\Windows\Start Menu\Programs\Visual Studio Code;C:\Program Files (x86)\Microsoft VS Code\mingw-w64-v8.0.2;C:\Program Files\MySQL\MySQL Server 8.0\bin;C:\Users\MATHIS\AppData\Roaming\Composer\vendor\bin;C:\Users\MATHIS\.dotnet\tools;C:\MinGW\bin;C:\Program Files\JetBrains\IntelliJ IDEA Community Edition 2021.1.2\bin;;C:\Program Files\Java\jdk-16.0.1\bin;C:\Program Files\Java\jdk1.8.0_251\bin;C:\Program Files\Azure Data Studio\bin;C:\wamp64\bin\php\php7.4.0;C:\Users\MATHIS\AppData\Roaming\npm
USERNAME=MATHIS
OS=Windows_NT
PROCESSOR_IDENTIFIER=Intel64 Family 6 Model 76 Stepping 4, GenuineIntel



---------------  S Y S T E M  ---------------

OS: Windows 10.0 , 64 bit Build 19041 (10.0.19041.1466)

CPU:total 2 (initial active 2) (2 cores per cpu, 1 threads per core) family 6 model 76 stepping 4, cmov, cx8, fxsr, mmx, sse, sse2, sse3, ssse3, sse4.1, sse4.2, popcnt, aes, clmul, erms, 3dnowpref, tsc, tscinvbit

Memory: 4k page, physical 8291960k(2294940k free), swap 9602680k(4276k free)

vm_info: Java HotSpot(TM) 64-Bit Server VM (25.251-b08) for windows-amd64 JRE (1.8.0_251-b08), built on Mar 12 2020 06:31:49 by "" with MS VC++ 10.0 (VS2010)

time: Fri Jan 21 19:05:40 2022
timezone: Temps universel coordonné
elapsed time: 137 seconds (0d 0h 2m 17s)

